<?xml version="1.0" encoding="UTF-8"?>
<!-- Generated by org.testng.reporters.JUnitReportReporter -->
<testsuite hostname="DESKTOP-ERAV65T" failures="0" tests="4" name="regression.Add_new_city" time="2.061" errors="0" timestamp="12 Nov 2022 09:49:23 GMT" skipped="0">
  <testcase classname="regression.Add_new_city" name="login" time="0.621"/>
  <testcase classname="regression.Add_new_city" name="add_new_city" time="0.710"/>
  <testcase classname="regression.Add_new_city" name="delete" time="0.510"/>
  <testcase classname="regression.Add_new_city" name="signout" time="0.220"/>
</testsuite> <!-- regression.Add_new_city -->
