<?xml version="1.0" encoding="UTF-8"?>
<!-- Generated by org.testng.reporters.JUnitReportReporter -->
<testsuite hostname="DESKTOP-ERAV65T" failures="0" tests="1" name="AppTest" time="0.722" errors="0" timestamp="09 Nov 2022 23:28:06 GMT" skipped="0">
  <testcase classname="AppTest" name="Register" time="0.722"/>
</testsuite> <!-- AppTest -->
